[debug] [2020-09-09T03:46:00.615Z] ----------------------------------------------------------------------
[debug] [2020-09-09T03:46:00.617Z] Command:       /usr/bin/node /usr/bin/firebase serve
[debug] [2020-09-09T03:46:00.618Z] CLI Version:   8.10.0
[debug] [2020-09-09T03:46:00.618Z] Platform:      linux
[debug] [2020-09-09T03:46:00.618Z] Node Version:  v14.5.0
[debug] [2020-09-09T03:46:00.618Z] Time:          Wed Sep 09 2020 09:16:00 GMT+0530 (India Standard Time)
[debug] [2020-09-09T03:46:00.619Z] ----------------------------------------------------------------------
[debug] [2020-09-09T03:46:00.619Z] 
[debug] [2020-09-09T03:46:00.629Z] > command requires scopes: ["email","openid","https://www.googleapis.com/auth/cloudplatformprojects.readonly","https://www.googleapis.com/auth/firebase","https://www.googleapis.com/auth/cloud-platform"]
[debug] [2020-09-09T03:46:00.630Z] > authorizing via signed-in user
[debug] [2020-09-09T03:46:00.630Z] [iam] checking project matrimonytest-3e52f for permissions ["firebase.projects.get"]
[debug] [2020-09-09T03:46:00.633Z] >>> HTTP REQUEST POST https://cloudresourcemanager.googleapis.com/v1/projects/matrimonytest-3e52f:testIamPermissions  
 {"permissions":["firebase.projects.get"]}
[debug] [2020-09-09T03:46:02.963Z] <<< HTTP RESPONSE 200 {"content-type":"application/json; charset=UTF-8","vary":"X-Origin, Referer, Origin,Accept-Encoding","date":"Wed, 09 Sep 2020 03:46:02 GMT","server":"ESF","cache-control":"private","x-xss-protection":"0","x-frame-options":"SAMEORIGIN","x-content-type-options":"nosniff","server-timing":"gfet4t7; dur=1393","alt-svc":"h3-29=\":443\"; ma=2592000,h3-27=\":443\"; ma=2592000,h3-T051=\":443\"; ma=2592000,h3-T050=\":443\"; ma=2592000,h3-Q050=\":443\"; ma=2592000,h3-Q046=\":443\"; ma=2592000,h3-Q043=\":443\"; ma=2592000,quic=\":443\"; ma=2592000; v=\"46,43\"","accept-ranges":"none","transfer-encoding":"chunked"}
[debug] [2020-09-09T03:46:02.966Z] >>> HTTP REQUEST GET https://firebase.googleapis.com/v1beta1/projects/matrimonytest-3e52f  
 
[debug] [2020-09-09T03:46:03.812Z] <<< HTTP RESPONSE 200 {"content-type":"application/json; charset=UTF-8","vary":"X-Origin, Referer, Origin,Accept-Encoding","date":"Wed, 09 Sep 2020 03:46:03 GMT","server":"ESF","cache-control":"private","x-xss-protection":"0","x-frame-options":"SAMEORIGIN","x-content-type-options":"nosniff","alt-svc":"h3-29=\":443\"; ma=2592000,h3-27=\":443\"; ma=2592000,h3-T051=\":443\"; ma=2592000,h3-T050=\":443\"; ma=2592000,h3-Q050=\":443\"; ma=2592000,h3-Q046=\":443\"; ma=2592000,h3-Q043=\":443\"; ma=2592000,quic=\":443\"; ma=2592000; v=\"46,43\"","accept-ranges":"none","transfer-encoding":"chunked"}
[info] 
[info] === Serving from '/home/emp/Desktop/shekhar/recraft-react-native-dating-app'...
[info] 
[warn] ⚠  Your requested "node" version "8" doesn't match your global version "14" {"metadata":{"emulator":{"name":"functions"},"message":"Your requested \"node\" version \"8\" doesn't match your global version \"14\""}}
[debug] [2020-09-09T03:46:03.832Z] defaultcredentials: writing to file /home/emp/.config/firebase/rohitpremi786_gmail_com_application_default_credentials.json
[debug] [2020-09-09T03:46:03.833Z] Setting GAC to /home/emp/.config/firebase/rohitpremi786_gmail_com_application_default_credentials.json {"metadata":{"emulator":{"name":"functions"},"message":"Setting GAC to /home/emp/.config/firebase/rohitpremi786_gmail_com_application_default_credentials.json"}}
[info] i  functions: Watching "/home/emp/Desktop/shekhar/recraft-react-native-dating-app/functions" for Cloud Functions... {"metadata":{"emulator":{"name":"functions"},"message":"Watching \"/home/emp/Desktop/shekhar/recraft-react-native-dating-app/functions\" for Cloud Functions..."}}
[debug] [2020-09-09T03:46:03.854Z] [worker-pool] addWorker(~diagnostic~) {"metadata":{"emulator":{"name":"functions"},"message":"[worker-pool] addWorker(~diagnostic~)"}}
[debug] [2020-09-09T03:46:03.854Z] [worker-pool] Adding worker with key ~diagnostic~, total=1 {"metadata":{"emulator":{"name":"functions"},"message":"[worker-pool] Adding worker with key ~diagnostic~, total=1"}}
[debug] [2020-09-09T03:46:03.855Z] [worker-pool] submitWork(triggerId=) {"metadata":{"emulator":{"name":"functions"},"message":"[worker-pool] submitWork(triggerId=)"}}
[debug] [2020-09-09T03:46:03.855Z] [worker-~diagnostic~-cda63245-4f62-4a9f-863e-396081818c74]: Assigning socketPath: /tmp/fire_emu_3872.sock {"metadata":{"emulator":{"name":"functions"},"message":"[worker-~diagnostic~-cda63245-4f62-4a9f-863e-396081818c74]: Assigning socketPath: /tmp/fire_emu_3872.sock"}}
[debug] [2020-09-09T03:46:03.856Z] [worker-~diagnostic~-cda63245-4f62-4a9f-863e-396081818c74]: BUSY {"metadata":{"emulator":{"name":"functions"},"message":"[worker-~diagnostic~-cda63245-4f62-4a9f-863e-396081818c74]: BUSY"}}
[debug] [2020-09-09T03:46:04.194Z] [runtime-status] [3872] Functions runtime initialized. {"cwd":"/home/emp/Desktop/shekhar/recraft-react-native-dating-app/functions","node_version":"14.5.0"} {"metadata":{"emulator":{"name":"functions"},"message":"[runtime-status] [3872] Functions runtime initialized. {\"cwd\":\"/home/emp/Desktop/shekhar/recraft-react-native-dating-app/functions\",\"node_version\":\"14.5.0\"}"}}
[debug] [2020-09-09T03:46:04.195Z] [runtime-status] [3872] Disabled runtime features: undefined {"metadata":{"emulator":{"name":"functions"},"message":"[runtime-status] [3872] Disabled runtime features: undefined"}}
[debug] [2020-09-09T03:46:04.197Z] [runtime-status] [3872] Resolved module firebase-admin {"declared":true,"installed":true,"version":"8.13.0","resolution":"/home/emp/Desktop/shekhar/recraft-react-native-dating-app/functions/node_modules/firebase-admin/lib/index.js"} {"metadata":{"emulator":{"name":"functions"},"message":"[runtime-status] [3872] Resolved module firebase-admin {\"declared\":true,\"installed\":true,\"version\":\"8.13.0\",\"resolution\":\"/home/emp/Desktop/shekhar/recraft-react-native-dating-app/functions/node_modules/firebase-admin/lib/index.js\"}"}}
[debug] [2020-09-09T03:46:04.198Z] [runtime-status] [3872] Resolved module firebase-functions {"declared":true,"installed":true,"version":"3.11.0","resolution":"/home/emp/Desktop/shekhar/recraft-react-native-dating-app/functions/node_modules/firebase-functions/lib/index.js"} {"metadata":{"emulator":{"name":"functions"},"message":"[runtime-status] [3872] Resolved module firebase-functions {\"declared\":true,\"installed\":true,\"version\":\"3.11.0\",\"resolution\":\"/home/emp/Desktop/shekhar/recraft-react-native-dating-app/functions/node_modules/firebase-functions/lib/index.js\"}"}}
[debug] [2020-09-09T03:46:04.199Z] [runtime-status] [3872] Resolved module firebase-functions {"declared":true,"installed":true,"version":"3.11.0","resolution":"/home/emp/Desktop/shekhar/recraft-react-native-dating-app/functions/node_modules/firebase-functions/lib/index.js"} {"metadata":{"emulator":{"name":"functions"},"message":"[runtime-status] [3872] Resolved module firebase-functions {\"declared\":true,\"installed\":true,\"version\":\"3.11.0\",\"resolution\":\"/home/emp/Desktop/shekhar/recraft-react-native-dating-app/functions/node_modules/firebase-functions/lib/index.js\"}"}}
[debug] [2020-09-09T03:46:04.201Z] [runtime-status] [3872] Outgoing network have been stubbed. [{"name":"http","status":"mocked"},{"name":"http","status":"mocked"},{"name":"https","status":"mocked"},{"name":"https","status":"mocked"},{"name":"net","status":"mocked"}] {"metadata":{"emulator":{"name":"functions"},"message":"[runtime-status] [3872] Outgoing network have been stubbed. [{\"name\":\"http\",\"status\":\"mocked\"},{\"name\":\"http\",\"status\":\"mocked\"},{\"name\":\"https\",\"status\":\"mocked\"},{\"name\":\"https\",\"status\":\"mocked\"},{\"name\":\"net\",\"status\":\"mocked\"}]"}}
[debug] [2020-09-09T03:46:04.202Z] [runtime-status] [3872] Resolved module firebase-functions {"declared":true,"installed":true,"version":"3.11.0","resolution":"/home/emp/Desktop/shekhar/recraft-react-native-dating-app/functions/node_modules/firebase-functions/lib/index.js"} {"metadata":{"emulator":{"name":"functions"},"message":"[runtime-status] [3872] Resolved module firebase-functions {\"declared\":true,\"installed\":true,\"version\":\"3.11.0\",\"resolution\":\"/home/emp/Desktop/shekhar/recraft-react-native-dating-app/functions/node_modules/firebase-functions/lib/index.js\"}"}}
[debug] [2020-09-09T03:46:04.239Z] [runtime-status] [3872] Checked functions.config() {"config":{}} {"metadata":{"emulator":{"name":"functions"},"message":"[runtime-status] [3872] Checked functions.config() {\"config\":{}}"}}
[debug] [2020-09-09T03:46:04.240Z] [runtime-status] [3872] firebase-functions has been stubbed. {"functionsResolution":{"declared":true,"installed":true,"version":"3.11.0","resolution":"/home/emp/Desktop/shekhar/recraft-react-native-dating-app/functions/node_modules/firebase-functions/lib/index.js"}} {"metadata":{"emulator":{"name":"functions"},"message":"[runtime-status] [3872] firebase-functions has been stubbed. {\"functionsResolution\":{\"declared\":true,\"installed\":true,\"version\":\"3.11.0\",\"resolution\":\"/home/emp/Desktop/shekhar/recraft-react-native-dating-app/functions/node_modules/firebase-functions/lib/index.js\"}}"}}
[debug] [2020-09-09T03:46:04.240Z] [runtime-status] [3872] Resolved module firebase-functions {"declared":true,"installed":true,"version":"3.11.0","resolution":"/home/emp/Desktop/shekhar/recraft-react-native-dating-app/functions/node_modules/firebase-functions/lib/index.js"} {"metadata":{"emulator":{"name":"functions"},"message":"[runtime-status] [3872] Resolved module firebase-functions {\"declared\":true,\"installed\":true,\"version\":\"3.11.0\",\"resolution\":\"/home/emp/Desktop/shekhar/recraft-react-native-dating-app/functions/node_modules/firebase-functions/lib/index.js\"}"}}
[debug] [2020-09-09T03:46:04.241Z] [runtime-status] [3872] Resolved module firebase-admin {"declared":true,"installed":true,"version":"8.13.0","resolution":"/home/emp/Desktop/shekhar/recraft-react-native-dating-app/functions/node_modules/firebase-admin/lib/index.js"} {"metadata":{"emulator":{"name":"functions"},"message":"[runtime-status] [3872] Resolved module firebase-admin {\"declared\":true,\"installed\":true,\"version\":\"8.13.0\",\"resolution\":\"/home/emp/Desktop/shekhar/recraft-react-native-dating-app/functions/node_modules/firebase-admin/lib/index.js\"}"}}
[debug] [2020-09-09T03:46:04.242Z] [runtime-status] [3872] Resolved module firebase-functions {"declared":true,"installed":true,"version":"3.11.0","resolution":"/home/emp/Desktop/shekhar/recraft-react-native-dating-app/functions/node_modules/firebase-functions/lib/index.js"} {"metadata":{"emulator":{"name":"functions"},"message":"[runtime-status] [3872] Resolved module firebase-functions {\"declared\":true,\"installed\":true,\"version\":\"3.11.0\",\"resolution\":\"/home/emp/Desktop/shekhar/recraft-react-native-dating-app/functions/node_modules/firebase-functions/lib/index.js\"}"}}
[debug] [2020-09-09T03:46:04.242Z] [runtime-status] [3872] firebase-admin has been stubbed. {"adminResolution":{"declared":true,"installed":true,"version":"8.13.0","resolution":"/home/emp/Desktop/shekhar/recraft-react-native-dating-app/functions/node_modules/firebase-admin/lib/index.js"}} {"metadata":{"emulator":{"name":"functions"},"message":"[runtime-status] [3872] firebase-admin has been stubbed. {\"adminResolution\":{\"declared\":true,\"installed\":true,\"version\":\"8.13.0\",\"resolution\":\"/home/emp/Desktop/shekhar/recraft-react-native-dating-app/functions/node_modules/firebase-admin/lib/index.js\"}}"}}
[info] ✔  functions[payWithStripe]: http function initialized (http://localhost:5000/matrimonytest-3e52f/us-central1/payWithStripe). {"metadata":{"emulator":{"name":"functions"},"message":"\u001b[1mhttp\u001b[22m function initialized (http://localhost:5000/matrimonytest-3e52f/us-central1/payWithStripe)."}}
[debug] [2020-09-09T03:46:04.293Z] [worker-~diagnostic~-cda63245-4f62-4a9f-863e-396081818c74]: IDLE {"metadata":{"emulator":{"name":"functions"},"message":"[worker-~diagnostic~-cda63245-4f62-4a9f-863e-396081818c74]: IDLE"}}
